<?xml version="1.0" encoding="UTF-8"?>
<!-- Generated by org.testng.reporters.JUnitReportReporter -->
<testsuite skipped="1" hostname="Abu-Zara" name="datadriven.GmailTest" tests="1" failures="0" timestamp="16 Apr 2018 15:34:58 GMT" time="0.000" errors="0">
  <testcase name="doLogin" time="0.000" classname="datadriven.GmailTest">
    <skipped/>
  </testcase> <!-- doLogin -->
</testsuite> <!-- datadriven.GmailTest -->
