<?xml version="1.0" encoding="UTF-8"?>
<!-- Generated by org.testng.reporters.JUnitReportReporter -->
<testsuite skipped="0" hostname="Abu-Zara" name="extentReports.Test2" tests="1" failures="0" timestamp="26 Apr 2018 12:05:55 GMT" time="0.006" errors="0">
  <testcase name="testMehtod" time="0.006" classname="extentReports.Test2"/>
</testsuite> <!-- extentReports.Test2 -->
